[debug] [2024-02-14T20:31:32.109Z] ----------------------------------------------------------------------
[debug] [2024-02-14T20:31:32.111Z] Command:       C:\Program Files\nodejs\node.exe C:\Users\abosa\AppData\Roaming\npm\node_modules\firebase-tools\lib\bin\firebase.js deploy
[debug] [2024-02-14T20:31:32.112Z] CLI Version:   13.1.0
[debug] [2024-02-14T20:31:32.112Z] Platform:      win32
[debug] [2024-02-14T20:31:32.112Z] Node Version:  v20.3.0
[debug] [2024-02-14T20:31:32.112Z] Time:          Wed Feb 14 2024 22:31:32 GMT+0200 (Eastern European Standard Time)
[debug] [2024-02-14T20:31:32.112Z] ----------------------------------------------------------------------
[debug] 
[debug] [2024-02-14T20:31:32.116Z] >>> [apiv2][query] GET https://firebase-public.firebaseio.com/cli.json [none]
[debug] [2024-02-14T20:31:32.232Z] > command requires scopes: ["email","openid","https://www.googleapis.com/auth/cloudplatformprojects.readonly","https://www.googleapis.com/auth/firebase","https://www.googleapis.com/auth/cloud-platform"]
[debug] [2024-02-14T20:31:32.232Z] > authorizing via signed-in user (abosama150@gmail.com)
[debug] [2024-02-14T20:31:32.233Z] [iam] checking project hany-abdulgawed-platform for permissions ["firebase.projects.get","firebasehosting.sites.update"]
[debug] [2024-02-14T20:31:32.234Z] > refreshing access token with scopes: []
[debug] [2024-02-14T20:31:32.235Z] >>> [apiv2][query] POST https://www.googleapis.com/oauth2/v3/token [none]
[debug] [2024-02-14T20:31:32.235Z] >>> [apiv2][body] POST https://www.googleapis.com/oauth2/v3/token [omitted]
[debug] [2024-02-14T20:31:44.834Z] <<< [apiv2][status] GET https://firebase-public.firebaseio.com/cli.json 200
[debug] [2024-02-14T20:31:44.834Z] <<< [apiv2][body] GET https://firebase-public.firebaseio.com/cli.json {"cloudBuildErrorAfter":1594252800000,"cloudBuildWarnAfter":1590019200000,"defaultNode10After":1594252800000,"minVersion":"3.0.5","node8DeploysDisabledAfter":1613390400000,"node8RuntimeDisabledAfter":1615809600000,"node8WarnAfter":1600128000000}
[debug] [2024-02-14T20:32:24.431Z] *** [apiv2] error from fetch(https://www.googleapis.com/oauth2/v3/token, {"headers":{},"method":"POST","body":{"_overheadLength":545,"_valueLength":212,"_valuesToMeasure":[],"writable":false,"readable":true,"dataSize":0,"maxDataSize":2097152,"pauseStreams":true,"_released":true,"_streams":[],"_currentStream":null,"_insideLoop":false,"_pendingNext":false,"_boundary":"--------------------------872032399862438840599822","_events":{},"_eventsCount":1}}): FetchError: request to https://www.googleapis.com/oauth2/v3/token failed, reason: socket hang up
[debug] [2024-02-14T20:32:24.431Z] [iam] error while checking permissions, command may fail: FirebaseError: Authentication Error: Your credentials are no longer valid. Please run firebase login --reauth

For CI servers and headless environments, generate a new token with firebase login:ci
[debug] [2024-02-14T20:32:24.432Z] > refreshing access token with scopes: []
[debug] [2024-02-14T20:32:24.432Z] >>> [apiv2][query] POST https://www.googleapis.com/oauth2/v3/token [none]
[debug] [2024-02-14T20:32:24.432Z] >>> [apiv2][body] POST https://www.googleapis.com/oauth2/v3/token [omitted]
[debug] [2024-02-14T20:32:37.530Z] <<< [apiv2][status] POST https://www.googleapis.com/oauth2/v3/token 200
[debug] [2024-02-14T20:32:37.531Z] <<< [apiv2][body] POST https://www.googleapis.com/oauth2/v3/token [omitted]
[debug] [2024-02-14T20:32:37.537Z] >>> [apiv2][query] GET https://firebase.googleapis.com/v1beta1/projects/hany-abdulgawed-platform [none]
[debug] [2024-02-14T20:32:49.825Z] *** [apiv2] error from fetch(https://firebase.googleapis.com/v1beta1/projects/hany-abdulgawed-platform, {"headers":{},"method":"GET","signal":{}}): FetchError: request to https://firebase.googleapis.com/v1beta1/projects/hany-abdulgawed-platform failed, reason: socket hang up
[debug] [2024-02-14T20:32:49.825Z] Failed to make request to https://firebase.googleapis.com/v1beta1/projects/hany-abdulgawed-platform (original: request to https://firebase.googleapis.com/v1beta1/projects/hany-abdulgawed-platform failed, reason: socket hang up)
[error] 
[error] Error: Assertion failed: resolving hosting target of a site with no site name or target name. This should have caused an error earlier
[debug] [2024-02-14T20:36:04.169Z] ----------------------------------------------------------------------
[debug] [2024-02-14T20:36:04.171Z] Command:       C:\Program Files\nodejs\node.exe C:\Users\abosa\AppData\Roaming\npm\node_modules\firebase-tools\lib\bin\firebase.js deploy
[debug] [2024-02-14T20:36:04.172Z] CLI Version:   13.1.0
[debug] [2024-02-14T20:36:04.172Z] Platform:      win32
[debug] [2024-02-14T20:36:04.172Z] Node Version:  v20.3.0
[debug] [2024-02-14T20:36:04.172Z] Time:          Wed Feb 14 2024 22:36:04 GMT+0200 (Eastern European Standard Time)
[debug] [2024-02-14T20:36:04.172Z] ----------------------------------------------------------------------
[debug] 
[debug] [2024-02-14T20:36:04.248Z] > command requires scopes: ["email","openid","https://www.googleapis.com/auth/cloudplatformprojects.readonly","https://www.googleapis.com/auth/firebase","https://www.googleapis.com/auth/cloud-platform"]
[debug] [2024-02-14T20:36:04.249Z] > authorizing via signed-in user (abosama150@gmail.com)
[debug] [2024-02-14T20:36:04.249Z] [iam] checking project hany-abdulgawed-platform for permissions ["firebase.projects.get","firebasehosting.sites.update"]
[debug] [2024-02-14T20:36:04.251Z] >>> [apiv2][query] POST https://cloudresourcemanager.googleapis.com/v1/projects/hany-abdulgawed-platform:testIamPermissions [none]
[debug] [2024-02-14T20:36:04.251Z] >>> [apiv2][(partial)header] POST https://cloudresourcemanager.googleapis.com/v1/projects/hany-abdulgawed-platform:testIamPermissions x-goog-quota-user=projects/hany-abdulgawed-platform
[debug] [2024-02-14T20:36:04.251Z] >>> [apiv2][body] POST https://cloudresourcemanager.googleapis.com/v1/projects/hany-abdulgawed-platform:testIamPermissions {"permissions":["firebase.projects.get","firebasehosting.sites.update"]}
[debug] [2024-02-14T20:36:17.243Z] <<< [apiv2][status] POST https://cloudresourcemanager.googleapis.com/v1/projects/hany-abdulgawed-platform:testIamPermissions 200
[debug] [2024-02-14T20:36:17.243Z] <<< [apiv2][body] POST https://cloudresourcemanager.googleapis.com/v1/projects/hany-abdulgawed-platform:testIamPermissions {"permissions":["firebase.projects.get","firebasehosting.sites.update"]}
[debug] [2024-02-14T20:36:17.244Z] >>> [apiv2][query] GET https://firebase.googleapis.com/v1beta1/projects/hany-abdulgawed-platform [none]
[debug] [2024-02-14T20:36:29.624Z] *** [apiv2] error from fetch(https://firebase.googleapis.com/v1beta1/projects/hany-abdulgawed-platform, {"headers":{},"method":"GET","signal":{}}): FetchError: request to https://firebase.googleapis.com/v1beta1/projects/hany-abdulgawed-platform failed, reason: socket hang up
[debug] [2024-02-14T20:36:29.624Z] Failed to make request to https://firebase.googleapis.com/v1beta1/projects/hany-abdulgawed-platform (original: request to https://firebase.googleapis.com/v1beta1/projects/hany-abdulgawed-platform failed, reason: socket hang up)
[error] 
[error] Error: Assertion failed: resolving hosting target of a site with no site name or target name. This should have caused an error earlier
